Using pre-set license
Built from '2021.2/staging' branch; Version is '2021.2.8f1 (d0e5f0a7b06a) revision 13690352'; Using compiler version '192829333'; Build Type 'Release'
OS: 'Windows 10  (10.0.19043) 64bit Professional' Language: 'tr' Physical Memory: 16151 MB
BatchMode: 1, IsHumanControllingUs: 0, StartBugReporterOnCrash: 0, Is64bit: 1, IsPro: 0

COMMAND LINE ARGUMENTS:
C:\Program Files\Unity\Hub\Editor\2021.2.8f1\Editor\Unity.exe
-adb2
-batchMode
-noUpm
-name
AssetImportWorker0
-projectPath
C:/Users/Dell/New Unity Project
-logFile
Logs/AssetImportWorker0.log
-srvPort
50244
Successfully changed project path to: C:/Users/Dell/New Unity Project
C:/Users/Dell/New Unity Project
[UnityMemory] Configuration Parameters - Can be set up in boot.config
    "memorysetup-bucket-allocator-granularity=16"
    "memorysetup-bucket-allocator-bucket-count=8"
    "memorysetup-bucket-allocator-block-size=33554432"
    "memorysetup-bucket-allocator-block-count=8"
    "memorysetup-main-allocator-block-size=16777216"
    "memorysetup-thread-allocator-block-size=16777216"
    "memorysetup-gfx-main-allocator-block-size=16777216"
    "memorysetup-gfx-thread-allocator-block-size=16777216"
    "memorysetup-cache-allocator-block-size=4194304"
    "memorysetup-typetree-allocator-block-size=2097152"
    "memorysetup-profiler-bucket-allocator-granularity=16"
    "memorysetup-profiler-bucket-allocator-bucket-count=8"
    "memorysetup-profiler-bucket-allocator-block-size=33554432"
    "memorysetup-profiler-bucket-allocator-block-count=8"
    "memorysetup-profiler-allocator-block-size=16777216"
    "memorysetup-profiler-editor-allocator-block-size=1048576"
    "memorysetup-temp-allocator-size-main=16777216"
    "memorysetup-job-temp-allocator-block-size=2097152"
    "memorysetup-job-temp-allocator-block-size-background=1048576"
    "memorysetup-job-temp-allocator-reduction-small-platforms=262144"
    "memorysetup-temp-allocator-size-background-worker=32768"
    "memorysetup-temp-allocator-size-job-worker=262144"
    "memorysetup-temp-allocator-size-preload-manager=33554432"
    "memorysetup-temp-allocator-size-nav-mesh-worker=65536"
    "memorysetup-temp-allocator-size-audio-worker=65536"
    "memorysetup-temp-allocator-size-cloud-worker=32768"
    "memorysetup-temp-allocator-size-gi-baking-worker=262144"
    "memorysetup-temp-allocator-size-gfx=262144"
Refreshing native plugins compatible for Editor in 99.12 ms, found 2 plugins.
Preloading 0 native plugins for Editor in 0.00 ms.
Initialize engine version: 2021.2.8f1 (d0e5f0a7b06a)
[Subsystems] Discovering subsystems at path C:/Program Files/Unity/Hub/Editor/2021.2.8f1/Editor/Data/Resources/UnitySubsystems
[Subsystems] Discovering subsystems at path C:/Users/Dell/New Unity Project/Assets
GfxDevice: creating device client; threaded=0; jobified=0
Direct3D:
    Version:  Direct3D 11.0 [level 11.1]
    Renderer: NVIDIA GeForce MX230 (ID=0x1d11)
    Vendor:   NVIDIA
    VRAM:     1984 MB
    Driver:   27.21.14.6231
Initialize mono
Mono path[0] = 'C:/Program Files/Unity/Hub/Editor/2021.2.8f1/Editor/Data/Managed'
Mono path[1] = 'C:/Program Files/Unity/Hub/Editor/2021.2.8f1/Editor/Data/MonoBleedingEdge/lib/mono/unityjit-win32'
Mono config path = 'C:/Program Files/Unity/Hub/Editor/2021.2.8f1/Editor/Data/MonoBleedingEdge/etc'
Using monoOptions --debugger-agent=transport=dt_socket,embedding=1,server=y,suspend=n,address=127.0.0.1:56404
Begin MonoManager ReloadAssembly
Registering precompiled unity dll's ...
Register platform support module: C:/Program Files/Unity/Hub/Editor/2021.2.8f1/Editor/Data/PlaybackEngines/WindowsStandaloneSupport/UnityEditor.WindowsStandalone.Extensions.dll
Registered in 0.022970 seconds.
Native extension for WindowsStandalone target not found
Refreshing native plugins compatible for Editor in 97.55 ms, found 2 plugins.
Preloading 0 native plugins for Editor in 0.00 ms.
Mono: successfully reloaded assembly
- Completed reload, in  1.618 seconds
Domain Reload Profiling:
	ReloadAssembly (1619ms)
		BeginReloadAssembly (206ms)
			ExecutionOrderSort (0ms)
			DisableScriptedObjects (0ms)
			BackupInstance (0ms)
			ReleaseScriptingObjects (0ms)
			CreateAndSetChildDomain (4ms)
		EndReloadAssembly (1178ms)
			LoadAssemblies (197ms)
			RebuildTransferFunctionScriptingTraits (0ms)
			SetupTypeCache (360ms)
			ReleaseScriptCaches (0ms)
			RebuildScriptCaches (83ms)
			SetupLoadedEditorAssemblies (589ms)
				LogAssemblyErrors (0ms)
				InitializePlatformSupportModulesInManaged (34ms)
				SetLoadedEditorAssemblies (0ms)
				RefreshPlugins (98ms)
				BeforeProcessingInitializeOnLoad (2ms)
				ProcessInitializeOnLoadAttributes (327ms)
				ProcessInitializeOnLoadMethodAttributes (126ms)
				AfterProcessingInitializeOnLoad (0ms)
				EditorAssembliesLoaded (0ms)
			ExecutionOrderSort2 (0ms)
			AwakeInstancesAfterBackupRestoration (0ms)
Platform modules already initialized, skipping
Registering precompiled user dll's ...
Registered in 0.006926 seconds.
Begin MonoManager ReloadAssembly
Native extension for WindowsStandalone target not found
Refreshing native plugins compatible for Editor in 0.68 ms, found 2 plugins.
Preloading 0 native plugins for Editor in 0.00 ms.
Mono: successfully reloaded assembly
- Completed reload, in  2.011 seconds
Domain Reload Profiling:
	ReloadAssembly (2013ms)
		BeginReloadAssembly (304ms)
			ExecutionOrderSort (0ms)
			DisableScriptedObjects (24ms)
			BackupInstance (0ms)
			ReleaseScriptingObjects (0ms)
			CreateAndSetChildDomain (41ms)
		EndReloadAssembly (1469ms)
			LoadAssemblies (165ms)
			RebuildTransferFunctionScriptingTraits (0ms)
			SetupTypeCache (423ms)
			ReleaseScriptCaches (0ms)
			RebuildScriptCaches (110ms)
			SetupLoadedEditorAssemblies (689ms)
				LogAssemblyErrors (0ms)
				InitializePlatformSupportModulesInManaged (26ms)
				SetLoadedEditorAssemblies (1ms)
				RefreshPlugins (1ms)
				BeforeProcessingInitializeOnLoad (128ms)
				ProcessInitializeOnLoadAttributes (465ms)
				ProcessInitializeOnLoadMethodAttributes (48ms)
				AfterProcessingInitializeOnLoad (21ms)
				EditorAssembliesLoaded (0ms)
			ExecutionOrderSort2 (0ms)
			AwakeInstancesAfterBackupRestoration (11ms)
Platform modules already initialized, skipping
========================================================================
Worker process is ready to serve import requests
Launched and connected shader compiler UnityShaderCompiler.exe after 0.12 seconds
Refreshing native plugins compatible for Editor in 0.48 ms, found 2 plugins.
Preloading 0 native plugins for Editor in 0.00 ms.
Unloading 1527 Unused Serialized files (Serialized files now loaded: 0)
Unloading 19 unused Assets / (47.8 KB). Loaded Objects now: 1990.
Memory consumption went from 68.7 MB to 68.7 MB.
Total: 5.079000 ms (FindLiveObjects: 0.195600 ms CreateObjectMapping: 0.104800 ms MarkObjects: 4.541900 ms  DeleteObjects: 0.233000 ms)

AssetImportParameters requested are different than current active one (requested -> active):
  custom:video-decoder-ogg-theora: a1e56fd34408186e4bbccfd4996cb3dc -> 
  custom:container-muxer-webm: aa71ff27fc2769a1b78a27578f13a17b -> 
  custom:container-demuxer-webm: 4f35f7cbe854078d1ac9338744f61a02 -> 
  custom:video-encoder-webm-vp8: eb34c28f22e8b96e1ab97ce403110664 -> 
  custom:audio-encoder-webm-vorbis: bf7c407c2cedff20999df2af8eb42d56 -> 
  custom:framework-win-MediaFoundation: 216162199b28c13a410421893ffa2e32 -> 
  custom:container-demuxer-ogg: 62fdf1f143b41e24485cea50d1cbac27 -> 
  custom:video-decoder-webm-vp8: 9c59270c3fd7afecdb556c50c9e8de78 -> 
  custom:audio-decoder-ogg-vorbis: bf7c407c2cedff20999df2af8eb42d56 -> 
========================================================================
Received Import Request.
  Time since last request: 736131.672967 seconds.
  path: Assets/Spawner.prefab
  artifactKey: Guid(7095f85059ffee64b92951c560302f72) Importer(815301076,1909f56bfc062723c751e8b465ee728b)
Start importing Assets/Spawner.prefab using Guid(7095f85059ffee64b92951c560302f72) Importer(815301076,1909f56bfc062723c751e8b465ee728b)  -> (artifact id: '52c60a7b8c61945579fdf110bc49bea3') in 0.179120 seconds 
========================================================================
Received Import Request.
  Time since last request: 27.744369 seconds.
  path: Assets/Animations
  artifactKey: Guid(19bc6013b2a62614786ff7d3a6c3a088) Importer(815301076,1909f56bfc062723c751e8b465ee728b)
Start importing Assets/Animations using Guid(19bc6013b2a62614786ff7d3a6c3a088) Importer(815301076,1909f56bfc062723c751e8b465ee728b)  -> (artifact id: '2b44c7c466404f0b3e3b4a3c08b8ca84') in 0.008873 seconds 
========================================================================
Received Import Request.
  Time since last request: 0.029220 seconds.
  path: Assets/Animations/casual_Female_G-model@Drunk Idle Variation.fbx
  artifactKey: Guid(1948f6cc788ecb340a38b58c4d55a4c1) Importer(815301076,1909f56bfc062723c751e8b465ee728b)
Start importing Assets/Animations/casual_Female_G-model@Drunk Idle Variation.fbx using Guid(1948f6cc788ecb340a38b58c4d55a4c1) Importer(815301076,1909f56bfc062723c751e8b465ee728b)  -> (artifact id: '99991a6741f9259d12f962c0ee3aeae5') in 0.022866 seconds 
========================================================================
Received Import Request.
  Time since last request: 0.000029 seconds.
  path: Assets/Animations/casual_Female_G-model@Walking.fbx
  artifactKey: Guid(636efddbb3f80b44eb3de685600e4c53) Importer(815301076,1909f56bfc062723c751e8b465ee728b)
Start importing Assets/Animations/casual_Female_G-model@Walking.fbx using Guid(636efddbb3f80b44eb3de685600e4c53) Importer(815301076,1909f56bfc062723c751e8b465ee728b)  -> (artifact id: '1c2f8ee6b2838c99006c6110425a4cd7') in 0.418629 seconds 
========================================================================
Received Import Request.
  Time since last request: 0.000019 seconds.
  path: Assets/Animations/casual_Male_K-model@Walking.fbx
  artifactKey: Guid(d83fbba4a30d55c4c982334509485967) Importer(815301076,1909f56bfc062723c751e8b465ee728b)
Start importing Assets/Animations/casual_Male_K-model@Walking.fbx using Guid(d83fbba4a30d55c4c982334509485967) Importer(815301076,1909f56bfc062723c751e8b465ee728b)  -> (artifact id: 'b1bd91855a539e841b583ca21ab56562') in 0.059364 seconds 
========================================================================
Received Import Request.
  Time since last request: 0.000026 seconds.
  path: Assets/Animations/casual_Female_K-model@Catwalk Walking.fbx
  artifactKey: Guid(b2497aad366cd024397987cd461e18b3) Importer(815301076,1909f56bfc062723c751e8b465ee728b)
Start importing Assets/Animations/casual_Female_K-model@Catwalk Walking.fbx using Guid(b2497aad366cd024397987cd461e18b3) Importer(815301076,1909f56bfc062723c751e8b465ee728b)  -> (artifact id: '4df2c624e82115d10c25011b48fa2b5d') in 0.047687 seconds 
========================================================================
Received Import Request.
  Time since last request: 0.000024 seconds.
  path: Assets/Animations/casual_Male_G-model@Walking.fbx
  artifactKey: Guid(d0bea073e17d2fa4a89ea44a0fc89b40) Importer(815301076,1909f56bfc062723c751e8b465ee728b)
Start importing Assets/Animations/casual_Male_G-model@Walking.fbx using Guid(d0bea073e17d2fa4a89ea44a0fc89b40) Importer(815301076,1909f56bfc062723c751e8b465ee728b)  -> (artifact id: 'd025cec3d89c081ec41a8c8756c2a6b6') in 0.038725 seconds 
========================================================================
Received Import Request.
  Time since last request: 0.000023 seconds.
  path: Assets/Animations/little_boy_B-model@Happy Walk.fbx
  artifactKey: Guid(0afb63c3123edc8468968703480052f6) Importer(815301076,1909f56bfc062723c751e8b465ee728b)
Start importing Assets/Animations/little_boy_B-model@Happy Walk.fbx using Guid(0afb63c3123edc8468968703480052f6) Importer(815301076,1909f56bfc062723c751e8b465ee728b)  -> (artifact id: '313ed5b64551e0909241848a3b19402c') in 0.058227 seconds 
========================================================================
Received Import Request.
  Time since last request: 0.000029 seconds.
  path: Assets/Animations/little_boy_B-model@Receive (1).fbx
  artifactKey: Guid(a60c4715d54e21e48973701db360dda3) Importer(815301076,1909f56bfc062723c751e8b465ee728b)
Start importing Assets/Animations/little_boy_B-model@Receive (1).fbx using Guid(a60c4715d54e21e48973701db360dda3) Importer(815301076,1909f56bfc062723c751e8b465ee728b)  -> (artifact id: 'efcf227cbc48b56d41ef2c276c3e0fe9') in 0.016540 seconds 
========================================================================
Received Import Request.
  Time since last request: 3.231945 seconds.
  path: Assets/Characters/casual_Female_G-model.fbx
  artifactKey: Guid(ee2bbd5be4cb84d4582afa0bd9e54b53) Importer(815301076,1909f56bfc062723c751e8b465ee728b)
Start importing Assets/Characters/casual_Female_G-model.fbx using Guid(ee2bbd5be4cb84d4582afa0bd9e54b53) Importer(815301076,1909f56bfc062723c751e8b465ee728b)  -> (artifact id: '8f80c15266979730f5f75bb8f5f02c30') in 0.056920 seconds 
========================================================================
Received Import Request.
  Time since last request: 0.000022 seconds.
  path: Assets/Characters/casual_Male_K-model.fbx
  artifactKey: Guid(dbb2cbd592344274c8f0e5709a44533e) Importer(815301076,1909f56bfc062723c751e8b465ee728b)
Start importing Assets/Characters/casual_Male_K-model.fbx using Guid(dbb2cbd592344274c8f0e5709a44533e) Importer(815301076,1909f56bfc062723c751e8b465ee728b)  -> (artifact id: 'ef0befbcf7179c4301095f5a85bb6acc') in 0.111064 seconds 
========================================================================
Received Import Request.
  Time since last request: 0.000029 seconds.
  path: Assets/Characters/casual_Male_G-model.fbx
  artifactKey: Guid(6b3b35b12a509204dad849961a0ea22a) Importer(815301076,1909f56bfc062723c751e8b465ee728b)
Start importing Assets/Characters/casual_Male_G-model.fbx using Guid(6b3b35b12a509204dad849961a0ea22a) Importer(815301076,1909f56bfc062723c751e8b465ee728b)  -> (artifact id: '06521b8f777d7e5638be6d8918a10c5e') in 0.115020 seconds 
========================================================================
Received Import Request.
  Time since last request: 0.000036 seconds.
  path: Assets/Characters/elder_Female_A-model.fbx
  artifactKey: Guid(8361e98026216874f8fbd1d54de07cb4) Importer(815301076,1909f56bfc062723c751e8b465ee728b)
Start importing Assets/Characters/elder_Female_A-model.fbx using Guid(8361e98026216874f8fbd1d54de07cb4) Importer(815301076,1909f56bfc062723c751e8b465ee728b)  -> (artifact id: '388d0e6631314d9e48a9a16d7a5fbf93') in 0.163346 seconds 
========================================================================
Received Import Request.
  Time since last request: 1.200117 seconds.
  path: Assets/NPC Prefabs/Boy_Destination.prefab
  artifactKey: Guid(79624439411117344aaf0bdd46f10c0b) Importer(815301076,1909f56bfc062723c751e8b465ee728b)
Start importing Assets/NPC Prefabs/Boy_Destination.prefab using Guid(79624439411117344aaf0bdd46f10c0b) Importer(815301076,1909f56bfc062723c751e8b465ee728b)  -> (artifact id: '102f915b7541f06657982b9597f23dea') in 0.024610 seconds 
========================================================================
Received Import Request.
  Time since last request: 0.000031 seconds.
  path: Assets/NPC Prefabs/casual_Female_G-model@Walking.prefab
  artifactKey: Guid(acf9f6c14a7eae04cb8df37ba6a2094d) Importer(815301076,1909f56bfc062723c751e8b465ee728b)
Start importing Assets/NPC Prefabs/casual_Female_G-model@Walking.prefab using Guid(acf9f6c14a7eae04cb8df37ba6a2094d) Importer(815301076,1909f56bfc062723c751e8b465ee728b)  -> (artifact id: '7d45fc973d0cc02b4db182e39684cff5') in 0.045529 seconds 
========================================================================
Received Import Request.
  Time since last request: 0.000065 seconds.
  path: Assets/NPC Prefabs/casual_Male_G-model@Walking.prefab
  artifactKey: Guid(43e1730079a26a843bd2345c544a5dee) Importer(815301076,1909f56bfc062723c751e8b465ee728b)
Start importing Assets/NPC Prefabs/casual_Male_G-model@Walking.prefab using Guid(43e1730079a26a843bd2345c544a5dee) Importer(815301076,1909f56bfc062723c751e8b465ee728b)  -> (artifact id: '5b98a0ccfcef6f0f35e4fc267f5dc450') in 0.047806 seconds 
========================================================================
Received Import Request.
  Time since last request: 0.000022 seconds.
  path: Assets/NPC Prefabs/casual_Male_K-model@Walking.prefab
  artifactKey: Guid(3c3db37eefc572a499aaa490042b2af4) Importer(815301076,1909f56bfc062723c751e8b465ee728b)
Start importing Assets/NPC Prefabs/casual_Male_K-model@Walking.prefab using Guid(3c3db37eefc572a499aaa490042b2af4) Importer(815301076,1909f56bfc062723c751e8b465ee728b)  -> (artifact id: '741f46aa85ac275e023aa62b8e4a00bb') in 0.045880 seconds 
========================================================================
Received Import Request.
  Time since last request: 0.000038 seconds.
  path: Assets/NPC Prefabs/elder_Female_A-model@Walker Walk.prefab
  artifactKey: Guid(5d78d7b59983c5f4faa86f2e00f85ef3) Importer(815301076,1909f56bfc062723c751e8b465ee728b)
Start importing Assets/NPC Prefabs/elder_Female_A-model@Walker Walk.prefab using Guid(5d78d7b59983c5f4faa86f2e00f85ef3) Importer(815301076,1909f56bfc062723c751e8b465ee728b)  -> (artifact id: 'b6c1b170780ab90bb0ae1e00e30cbd64') in 0.051852 seconds 
========================================================================
Received Import Request.
  Time since last request: 0.000030 seconds.
  path: Assets/NPC Prefabs/Doctor_Male_B-model@Strut Walking.prefab
  artifactKey: Guid(411cea1b7e7e674408644d058f68a31a) Importer(815301076,1909f56bfc062723c751e8b465ee728b)
Start importing Assets/NPC Prefabs/Doctor_Male_B-model@Strut Walking.prefab using Guid(411cea1b7e7e674408644d058f68a31a) Importer(815301076,1909f56bfc062723c751e8b465ee728b)  -> (artifact id: '3b49b981d2f2e3ffdb479136ef256055') in 0.042389 seconds 
